<?xml version="1.0" encoding="UTF-8"?>
<!-- Generated by org.testng.reporters.JUnitXMLReporter -->
<testsuite ignored="0" hostname="DESKTOP-QP0HI4H" failures="0" tests="1" name="Test" time="128.61" errors="0" timestamp="2023-05-14T14:22:24 IST">
  <testcase classname="GenricLib.Baseclass" name="@AfterMethod closeapp" time="0.03">
    <failure type="java.lang.NullPointerException" message="Cannot invoke &amp;quot;com.aventstack.extentreports.reporter.ExtentHtmlReporter.flush()&amp;quot; because &amp;quot;this.htmlreports&amp;quot; is null">
      <![CDATA[java.lang.NullPointerException: Cannot invoke "com.aventstack.extentreports.reporter.ExtentHtmlReporter.flush()" because "this.htmlreports" is null
at GenricLib.Baseclass.closeapp(Baseclass.java:83)
at java.base/java.util.ArrayList.forEach(ArrayList.java:1511)
... Removed 32 stack frames]]>
    </failure>
  </testcase> <!-- @AfterMethod closeapp -->
  <testcase classname="Scripts.TextCase" name="Tc1" time="86.215"/>
</testsuite> <!-- Test -->
